<?xml version="1.0" encoding="UTF-8" standalone="no"?>
<!DOCTYPE log SYSTEM "logger.dtd">
<log>
<record>
  <date>2019-06-27T15:46:37</date>
  <millis>1561625197905</millis>
  <sequence>0</sequence>
  <level>START</level>
  <class>com.kms.katalon.core.logging.XmlKeywordLogger</class>
  <method>startSuite</method>
  <thread>1</thread>
  <message>Start Test Suite : Test Suites/TS-2 Product List</message>
  <nestedLevel>0</nestedLevel>
  <property name="name">TS-2 Product List</property>
  <property name="description"></property>
  <property name="id">Test Suites/TS-2 Product List</property>
</record>
<record>
  <date>2019-06-27T15:46:37</date>
  <millis>1561625197929</millis>
  <sequence>1</sequence>
  <level>RUN_DATA</level>
  <class>com.kms.katalon.core.logging.XmlKeywordLogger</class>
  <method>logMessage</method>
  <thread>1</thread>
  <message>hostName = Sapto - 192.168.88.1</message>
  <nestedLevel>0</nestedLevel>
  <property name="hostName">Sapto - 192.168.88.1</property>
</record>
<record>
  <date>2019-06-27T15:46:37</date>
  <millis>1561625197929</millis>
  <sequence>2</sequence>
  <level>RUN_DATA</level>
  <class>com.kms.katalon.core.logging.XmlKeywordLogger</class>
  <method>logMessage</method>
  <thread>1</thread>
  <message>os = Windows 10 64bit</message>
  <nestedLevel>0</nestedLevel>
  <property name="os">Windows 10 64bit</property>
</record>
<record>
  <date>2019-06-27T15:46:37</date>
  <millis>1561625197929</millis>
  <sequence>3</sequence>
  <level>RUN_DATA</level>
  <class>com.kms.katalon.core.logging.XmlKeywordLogger</class>
  <method>logMessage</method>
  <thread>1</thread>
  <message>hostAddress = 192.168.88.1</message>
  <nestedLevel>0</nestedLevel>
  <property name="hostAddress">192.168.88.1</property>
</record>
<record>
  <date>2019-06-27T15:46:37</date>
  <millis>1561625197933</millis>
  <sequence>4</sequence>
  <level>RUN_DATA</level>
  <class>com.kms.katalon.core.logging.XmlKeywordLogger</class>
  <method>logMessage</method>
  <thread>1</thread>
  <message>katalonVersion = 6.1.5.3</message>
  <nestedLevel>0</nestedLevel>
  <property name="katalonVersion">6.1.5.3</property>
</record>
<record>
  <date>2019-06-27T15:46:38</date>
  <millis>1561625198358</millis>
  <sequence>5</sequence>
  <level>START</level>
  <class>com.kms.katalon.core.logging.XmlKeywordLogger</class>
  <method>startTest</method>
  <thread>1</thread>
  <message>Start Test Case : Test Cases/TC-1 Login with valid username standard_user and valid password</message>
  <nestedLevel>1</nestedLevel>
  <property name="name">Test Cases/TC-1 Login with valid username standard_user and valid password</property>
  <property name="description"></property>
  <property name="id">Test Cases/TC-1 Login with valid username standard_user and valid password</property>
  <property name="source">C:\\Users\\Sapto\\Katalon Studio\\TestSwagLabs\\Test Cases\\TC-1 Login with valid username standard_user and valid password.tc</property>
  <property name="tag"></property>
  <property name="isOptional">false</property>
</record>
<record>
  <date>2019-06-27T15:46:39</date>
  <millis>1561625199071</millis>
  <sequence>7</sequence>
  <level>START</level>
  <class>com.kms.katalon.core.logging.XmlKeywordLogger</class>
  <method>startKeyword</method>
  <thread>1</thread>
  <message>Start action : openBrowser(\&amp;quot;\&amp;quot;)</message>
  <nestedLevel>1</nestedLevel>
  <property name="startLine">16</property>
  <property name="stepIndex">1</property>
</record>
<record>
  <date>2019-06-27T15:46:39</date>
  <millis>1561625199552</millis>
  <sequence>9</sequence>
  <level>INFO</level>
  <class>com.kms.katalon.core.logging.XmlKeywordLogger</class>
  <method>logMessage</method>
  <thread>1</thread>
  <message>Starting &amp;apos;Chrome&amp;apos; driver</message>
  <nestedLevel>1</nestedLevel>
</record>
<record>
  <date>2019-06-27T15:46:39</date>
  <millis>1561625199618</millis>
  <sequence>10</sequence>
  <level>INFO</level>
  <class>com.kms.katalon.core.logging.XmlKeywordLogger</class>
  <method>logMessage</method>
  <thread>1</thread>
  <message>Action delay is set to 0 seconds</message>
  <nestedLevel>1</nestedLevel>
</record>
<record>
  <date>2019-06-27T15:46:50</date>
  <millis>1561625210634</millis>
  <sequence>12</sequence>
  <level>RUN_DATA</level>
  <class>com.kms.katalon.core.logging.XmlKeywordLogger</class>
  <method>logMessage</method>
  <thread>1</thread>
  <message>sessionId = 11f801e6ccb1386f6cd10ae2ef15f1c4</message>
  <nestedLevel>1</nestedLevel>
  <property name="sessionId">11f801e6ccb1386f6cd10ae2ef15f1c4</property>
</record>
<record>
  <date>2019-06-27T15:46:50</date>
  <millis>1561625210656</millis>
  <sequence>13</sequence>
  <level>RUN_DATA</level>
  <class>com.kms.katalon.core.logging.XmlKeywordLogger</class>
  <method>logMessage</method>
  <thread>1</thread>
  <message>browser = Chrome 75.0.3770.100</message>
  <nestedLevel>1</nestedLevel>
  <property name="browser">Chrome 75.0.3770.100</property>
</record>
<record>
  <date>2019-06-27T15:46:50</date>
  <millis>1561625210656</millis>
  <sequence>14</sequence>
  <level>RUN_DATA</level>
  <class>com.kms.katalon.core.logging.XmlKeywordLogger</class>
  <method>logMessage</method>
  <thread>1</thread>
  <message>platform = Windows 10</message>
  <nestedLevel>1</nestedLevel>
  <property name="platform">Windows 10</property>
</record>
<record>
  <date>2019-06-27T15:46:50</date>
  <millis>1561625210660</millis>
  <sequence>15</sequence>
  <level>RUN_DATA</level>
  <class>com.kms.katalon.core.logging.XmlKeywordLogger</class>
  <method>logMessage</method>
  <thread>1</thread>
  <message>seleniumVersion = 3.7.1</message>
  <nestedLevel>1</nestedLevel>
  <property name="seleniumVersion">3.7.1</property>
</record>
<record>
  <date>2019-06-27T15:46:50</date>
  <millis>1561625210660</millis>
  <sequence>16</sequence>
  <level>RUN_DATA</level>
  <class>com.kms.katalon.core.logging.XmlKeywordLogger</class>
  <method>logMessage</method>
  <thread>1</thread>
  <message>proxyInformation = ProxyInformation{proxyOption=NO_PROXY, proxyServerType=HTTP, password=, proxyServerAddress=, proxyServerPort=0}</message>
  <nestedLevel>1</nestedLevel>
  <property name="proxyInformation">ProxyInformation{proxyOption=NO_PROXY, proxyServerType=HTTP, password=, proxyServerAddress=, proxyServerPort=0}</property>
</record>
<record>
  <date>2019-06-27T15:46:50</date>
  <millis>1561625210664</millis>
  <sequence>17</sequence>
  <level>PASSED</level>
  <class>com.kms.katalon.core.logging.XmlKeywordLogger</class>
  <method>logMessage</method>
  <thread>1</thread>
  <message>Browser is opened with url: &amp;apos;&amp;apos;</message>
  <nestedLevel>1</nestedLevel>
</record>
<record>
  <date>2019-06-27T15:46:50</date>
  <millis>1561625210664</millis>
  <sequence>18</sequence>
  <level>END</level>
  <class>com.kms.katalon.core.logging.XmlKeywordLogger</class>
  <method>endKeyword</method>
  <thread>1</thread>
  <message>End action : openBrowser(\&amp;quot;\&amp;quot;)</message>
  <nestedLevel>1</nestedLevel>
</record>
<record>
  <date>2019-06-27T15:46:50</date>
  <millis>1561625210668</millis>
  <sequence>19</sequence>
  <level>START</level>
  <class>com.kms.katalon.core.logging.XmlKeywordLogger</class>
  <method>startKeyword</method>
  <thread>1</thread>
  <message>Start action : navigateToUrl(\&amp;quot;https://www.saucedemo.com/\&amp;quot;)</message>
  <nestedLevel>1</nestedLevel>
  <property name="startLine">18</property>
  <property name="stepIndex">2</property>
</record>
<record>
  <date>2019-06-27T15:46:56</date>
  <millis>1561625216870</millis>
  <sequence>22</sequence>
  <level>PASSED</level>
  <class>com.kms.katalon.core.logging.XmlKeywordLogger</class>
  <method>logMessage</method>
  <thread>1</thread>
  <message>Navigate to &amp;apos;https://www.saucedemo.com/&amp;apos; successfully</message>
  <nestedLevel>1</nestedLevel>
</record>
<record>
  <date>2019-06-27T15:46:56</date>
  <millis>1561625216871</millis>
  <sequence>23</sequence>
  <level>END</level>
  <class>com.kms.katalon.core.logging.XmlKeywordLogger</class>
  <method>endKeyword</method>
  <thread>1</thread>
  <message>End action : navigateToUrl(\&amp;quot;https://www.saucedemo.com/\&amp;quot;)</message>
  <nestedLevel>1</nestedLevel>
</record>
<record>
  <date>2019-06-27T15:46:56</date>
  <millis>1561625216871</millis>
  <sequence>24</sequence>
  <level>START</level>
  <class>com.kms.katalon.core.logging.XmlKeywordLogger</class>
  <method>startKeyword</method>
  <thread>1</thread>
  <message>Start action : setText(findTestObject(\&amp;quot;Object Repository/Page_Swag Labs/input_standard_userlocked_out_userproblem_userperformance_glitch_user_user-name\&amp;quot;), \&amp;quot;standard_user\&amp;quot;)</message>
  <nestedLevel>1</nestedLevel>
  <property name="startLine">20</property>
  <property name="stepIndex">3</property>
</record>
<record>
  <date>2019-06-27T15:46:57</date>
  <millis>1561625217795</millis>
  <sequence>33</sequence>
  <level>PASSED</level>
  <class>com.kms.katalon.core.logging.XmlKeywordLogger</class>
  <method>logMessage</method>
  <thread>1</thread>
  <message>Text &amp;apos;standard_user&amp;apos; is set on object &amp;apos;Object Repository/Page_Swag Labs/input_standard_userlocked_out_userproblem_userperformance_glitch_user_user-name&amp;apos;</message>
  <nestedLevel>1</nestedLevel>
</record>
<record>
  <date>2019-06-27T15:46:57</date>
  <millis>1561625217798</millis>
  <sequence>34</sequence>
  <level>END</level>
  <class>com.kms.katalon.core.logging.XmlKeywordLogger</class>
  <method>endKeyword</method>
  <thread>1</thread>
  <message>End action : setText(findTestObject(\&amp;quot;Object Repository/Page_Swag Labs/input_standard_userlocked_out_userproblem_userperformance_glitch_user_user-name\&amp;quot;), \&amp;quot;standard_user\&amp;quot;)</message>
  <nestedLevel>1</nestedLevel>
</record>
<record>
  <date>2019-06-27T15:46:57</date>
  <millis>1561625217798</millis>
  <sequence>35</sequence>
  <level>START</level>
  <class>com.kms.katalon.core.logging.XmlKeywordLogger</class>
  <method>startKeyword</method>
  <thread>1</thread>
  <message>Start action : setEncryptedText(findTestObject(\&amp;quot;Object Repository/Page_Swag Labs/input_standard_userlocked_out_userproblem_userperformance_glitch_user_password\&amp;quot;), \&amp;quot;qcu24s4901FyWDTwXGr6XA==\&amp;quot;)</message>
  <nestedLevel>1</nestedLevel>
  <property name="startLine">23</property>
  <property name="stepIndex">4</property>
</record>
<record>
  <date>2019-06-27T15:46:58</date>
  <millis>1561625218075</millis>
  <sequence>44</sequence>
  <level>PASSED</level>
  <class>com.kms.katalon.core.logging.XmlKeywordLogger</class>
  <method>logMessage</method>
  <thread>1</thread>
  <message>Text ****** has been set on object &amp;apos;Object Repository/Page_Swag Labs/input_standard_userlocked_out_userproblem_userperformance_glitch_user_password&amp;apos;</message>
  <nestedLevel>1</nestedLevel>
</record>
<record>
  <date>2019-06-27T15:46:58</date>
  <millis>1561625218076</millis>
  <sequence>45</sequence>
  <level>END</level>
  <class>com.kms.katalon.core.logging.XmlKeywordLogger</class>
  <method>endKeyword</method>
  <thread>1</thread>
  <message>End action : setEncryptedText(findTestObject(\&amp;quot;Object Repository/Page_Swag Labs/input_standard_userlocked_out_userproblem_userperformance_glitch_user_password\&amp;quot;), \&amp;quot;qcu24s4901FyWDTwXGr6XA==\&amp;quot;)</message>
  <nestedLevel>1</nestedLevel>
</record>
<record>
  <date>2019-06-27T15:46:58</date>
  <millis>1561625218076</millis>
  <sequence>46</sequence>
  <level>START</level>
  <class>com.kms.katalon.core.logging.XmlKeywordLogger</class>
  <method>startKeyword</method>
  <thread>1</thread>
  <message>Start action : click(findTestObject(\&amp;quot;Object Repository/Page_Swag Labs/input_standard_userlocked_out_userproblem_userperformance_glitch_user_btn_action\&amp;quot;))</message>
  <nestedLevel>1</nestedLevel>
  <property name="startLine">26</property>
  <property name="stepIndex">5</property>
</record>
<record>
  <date>2019-06-27T15:47:00</date>
  <millis>1561625220831</millis>
  <sequence>53</sequence>
  <level>PASSED</level>
  <class>com.kms.katalon.core.logging.XmlKeywordLogger</class>
  <method>logMessage</method>
  <thread>1</thread>
  <message>Object: &amp;apos;Object Repository/Page_Swag Labs/input_standard_userlocked_out_userproblem_userperformance_glitch_user_btn_action&amp;apos; is clicked on</message>
  <nestedLevel>1</nestedLevel>
</record>
<record>
  <date>2019-06-27T15:47:00</date>
  <millis>1561625220832</millis>
  <sequence>54</sequence>
  <level>END</level>
  <class>com.kms.katalon.core.logging.XmlKeywordLogger</class>
  <method>endKeyword</method>
  <thread>1</thread>
  <message>End action : click(findTestObject(\&amp;quot;Object Repository/Page_Swag Labs/input_standard_userlocked_out_userproblem_userperformance_glitch_user_btn_action\&amp;quot;))</message>
  <nestedLevel>1</nestedLevel>
</record>
<record>
  <date>2019-06-27T15:47:00</date>
  <millis>1561625220833</millis>
  <sequence>55</sequence>
  <level>PASSED</level>
  <class>com.kms.katalon.core.logging.XmlKeywordLogger</class>
  <method>logMessage</method>
  <thread>1</thread>
  <message>Test Cases/TC-1 Login with valid username standard_user and valid password</message>
  <nestedLevel>1</nestedLevel>
</record>
<record>
  <date>2019-06-27T15:47:00</date>
  <millis>1561625220835</millis>
  <sequence>56</sequence>
  <level>END</level>
  <class>com.kms.katalon.core.logging.XmlKeywordLogger</class>
  <method>endTest</method>
  <thread>1</thread>
  <message>End Test Case : Test Cases/TC-1 Login with valid username standard_user and valid password</message>
  <nestedLevel>0</nestedLevel>
</record>
<record>
  <date>2019-06-27T15:47:00</date>
  <millis>1561625220856</millis>
  <sequence>57</sequence>
  <level>START</level>
  <class>com.kms.katalon.core.logging.XmlKeywordLogger</class>
  <method>startTest</method>
  <thread>1</thread>
  <message>Start Test Case : Test Cases/TC-8 Check drop down button for sorting</message>
  <nestedLevel>1</nestedLevel>
  <property name="name">Test Cases/TC-8 Check drop down button for sorting</property>
  <property name="description"></property>
  <property name="id">Test Cases/TC-8 Check drop down button for sorting</property>
  <property name="source">C:\\Users\\Sapto\\Katalon Studio\\TestSwagLabs\\Test Cases\\TC-8 Check drop down button for sorting.tc</property>
  <property name="tag"></property>
  <property name="isOptional">false</property>
</record>
<record>
  <date>2019-06-27T15:47:01</date>
  <millis>1561625221207</millis>
  <sequence>59</sequence>
  <level>START</level>
  <class>com.kms.katalon.core.logging.XmlKeywordLogger</class>
  <method>startKeyword</method>
  <thread>1</thread>
  <message>Start action : selectOptionByValue(findTestObject(\&amp;quot;Object Repository/Drop_Down Button/Page_Swag Labs/select_Name (A to Z)Name (Z to A)Price (low to high)Price (high to low)\&amp;quot;), \&amp;quot;za\&amp;quot;, true)</message>
  <nestedLevel>1</nestedLevel>
  <property name="startLine">16</property>
  <property name="stepIndex">1</property>
</record>
<record>
  <date>2019-06-27T15:47:01</date>
  <millis>1561625221943</millis>
  <sequence>68</sequence>
  <level>PASSED</level>
  <class>com.kms.katalon.core.logging.XmlKeywordLogger</class>
  <method>logMessage</method>
  <thread>1</thread>
  <message>All options with value &amp;apos;za&amp;apos; are selected in object &amp;apos;Object Repository/Drop_Down Button/Page_Swag Labs/select_Name (A to Z)Name (Z to A)Price (low to high)Price (high to low)&amp;apos;  using regular expression</message>
  <nestedLevel>1</nestedLevel>
</record>
<record>
  <date>2019-06-27T15:47:01</date>
  <millis>1561625221943</millis>
  <sequence>69</sequence>
  <level>END</level>
  <class>com.kms.katalon.core.logging.XmlKeywordLogger</class>
  <method>endKeyword</method>
  <thread>1</thread>
  <message>End action : selectOptionByValue(findTestObject(\&amp;quot;Object Repository/Drop_Down Button/Page_Swag Labs/select_Name (A to Z)Name (Z to A)Price (low to high)Price (high to low)\&amp;quot;), \&amp;quot;za\&amp;quot;, true)</message>
  <nestedLevel>1</nestedLevel>
</record>
<record>
  <date>2019-06-27T15:47:01</date>
  <millis>1561625221943</millis>
  <sequence>70</sequence>
  <level>START</level>
  <class>com.kms.katalon.core.logging.XmlKeywordLogger</class>
  <method>startKeyword</method>
  <thread>1</thread>
  <message>Start action : verifyOptionSelectedByValue(findTestObject(\&amp;quot;Drop_Down Button/Page_Swag Labs/select_Name (A to Z)Name (Z to A)Price (low to high)Price (high to low)\&amp;quot;), \&amp;quot;za\&amp;quot;, true, 60)</message>
  <nestedLevel>1</nestedLevel>
  <property name="startLine">19</property>
  <property name="stepIndex">2</property>
</record>
<record>
  <date>2019-06-27T15:47:02</date>
  <millis>1561625222242</millis>
  <sequence>81</sequence>
  <level>PASSED</level>
  <class>com.kms.katalon.core.logging.XmlKeywordLogger</class>
  <method>logMessage</method>
  <thread>1</thread>
  <message>All options with value &amp;apos;za&amp;apos; are selected in object &amp;apos;Object Repository/Drop_Down Button/Page_Swag Labs/select_Name (A to Z)Name (Z to A)Price (low to high)Price (high to low)&amp;apos;  using regular expression</message>
  <nestedLevel>1</nestedLevel>
</record>
<record>
  <date>2019-06-27T15:47:02</date>
  <millis>1561625222243</millis>
  <sequence>82</sequence>
  <level>END</level>
  <class>com.kms.katalon.core.logging.XmlKeywordLogger</class>
  <method>endKeyword</method>
  <thread>1</thread>
  <message>End action : verifyOptionSelectedByValue(findTestObject(\&amp;quot;Drop_Down Button/Page_Swag Labs/select_Name (A to Z)Name (Z to A)Price (low to high)Price (high to low)\&amp;quot;), \&amp;quot;za\&amp;quot;, true, 60)</message>
  <nestedLevel>1</nestedLevel>
</record>
<record>
  <date>2019-06-27T15:47:02</date>
  <millis>1561625222244</millis>
  <sequence>83</sequence>
  <level>START</level>
  <class>com.kms.katalon.core.logging.XmlKeywordLogger</class>
  <method>startKeyword</method>
  <thread>1</thread>
  <message>Start action : selectOptionByValue(findTestObject(\&amp;quot;Object Repository/Drop_Down Button/Page_Swag Labs/select_Name (A to Z)Name (Z to A)Price (low to high)Price (high to low)\&amp;quot;), \&amp;quot;lohi\&amp;quot;, true)</message>
  <nestedLevel>1</nestedLevel>
  <property name="startLine">22</property>
  <property name="stepIndex">3</property>
</record>
<record>
  <date>2019-06-27T15:47:02</date>
  <millis>1561625222507</millis>
  <sequence>92</sequence>
  <level>PASSED</level>
  <class>com.kms.katalon.core.logging.XmlKeywordLogger</class>
  <method>logMessage</method>
  <thread>1</thread>
  <message>All options with value &amp;apos;lohi&amp;apos; are selected in object &amp;apos;Object Repository/Drop_Down Button/Page_Swag Labs/select_Name (A to Z)Name (Z to A)Price (low to high)Price (high to low)&amp;apos;  using regular expression</message>
  <nestedLevel>1</nestedLevel>
</record>
<record>
  <date>2019-06-27T15:47:02</date>
  <millis>1561625222508</millis>
  <sequence>93</sequence>
  <level>END</level>
  <class>com.kms.katalon.core.logging.XmlKeywordLogger</class>
  <method>endKeyword</method>
  <thread>1</thread>
  <message>End action : selectOptionByValue(findTestObject(\&amp;quot;Object Repository/Drop_Down Button/Page_Swag Labs/select_Name (A to Z)Name (Z to A)Price (low to high)Price (high to low)\&amp;quot;), \&amp;quot;lohi\&amp;quot;, true)</message>
  <nestedLevel>1</nestedLevel>
</record>
<record>
  <date>2019-06-27T15:47:02</date>
  <millis>1561625222508</millis>
  <sequence>94</sequence>
  <level>START</level>
  <class>com.kms.katalon.core.logging.XmlKeywordLogger</class>
  <method>startKeyword</method>
  <thread>1</thread>
  <message>Start action : verifyOptionSelectedByValue(findTestObject(\&amp;quot;Drop_Down Button/Page_Swag Labs/select_Name (A to Z)Name (Z to A)Price (low to high)Price (high to low)\&amp;quot;), \&amp;quot;lohi\&amp;quot;, true, 60)</message>
  <nestedLevel>1</nestedLevel>
  <property name="startLine">25</property>
  <property name="stepIndex">4</property>
</record>
<record>
  <date>2019-06-27T15:47:02</date>
  <millis>1561625222769</millis>
  <sequence>105</sequence>
  <level>PASSED</level>
  <class>com.kms.katalon.core.logging.XmlKeywordLogger</class>
  <method>logMessage</method>
  <thread>1</thread>
  <message>All options with value &amp;apos;lohi&amp;apos; are selected in object &amp;apos;Object Repository/Drop_Down Button/Page_Swag Labs/select_Name (A to Z)Name (Z to A)Price (low to high)Price (high to low)&amp;apos;  using regular expression</message>
  <nestedLevel>1</nestedLevel>
</record>
<record>
  <date>2019-06-27T15:47:02</date>
  <millis>1561625222770</millis>
  <sequence>106</sequence>
  <level>END</level>
  <class>com.kms.katalon.core.logging.XmlKeywordLogger</class>
  <method>endKeyword</method>
  <thread>1</thread>
  <message>End action : verifyOptionSelectedByValue(findTestObject(\&amp;quot;Drop_Down Button/Page_Swag Labs/select_Name (A to Z)Name (Z to A)Price (low to high)Price (high to low)\&amp;quot;), \&amp;quot;lohi\&amp;quot;, true, 60)</message>
  <nestedLevel>1</nestedLevel>
</record>
<record>
  <date>2019-06-27T15:47:02</date>
  <millis>1561625222771</millis>
  <sequence>107</sequence>
  <level>START</level>
  <class>com.kms.katalon.core.logging.XmlKeywordLogger</class>
  <method>startKeyword</method>
  <thread>1</thread>
  <message>Start action : selectOptionByValue(findTestObject(\&amp;quot;Object Repository/Drop_Down Button/Page_Swag Labs/select_Name (A to Z)Name (Z to A)Price (low to high)Price (high to low)\&amp;quot;), \&amp;quot;hilo\&amp;quot;, true)</message>
  <nestedLevel>1</nestedLevel>
  <property name="startLine">28</property>
  <property name="stepIndex">5</property>
</record>
<record>
  <date>2019-06-27T15:47:03</date>
  <millis>1561625223007</millis>
  <sequence>116</sequence>
  <level>PASSED</level>
  <class>com.kms.katalon.core.logging.XmlKeywordLogger</class>
  <method>logMessage</method>
  <thread>1</thread>
  <message>All options with value &amp;apos;hilo&amp;apos; are selected in object &amp;apos;Object Repository/Drop_Down Button/Page_Swag Labs/select_Name (A to Z)Name (Z to A)Price (low to high)Price (high to low)&amp;apos;  using regular expression</message>
  <nestedLevel>1</nestedLevel>
</record>
<record>
  <date>2019-06-27T15:47:03</date>
  <millis>1561625223009</millis>
  <sequence>117</sequence>
  <level>END</level>
  <class>com.kms.katalon.core.logging.XmlKeywordLogger</class>
  <method>endKeyword</method>
  <thread>1</thread>
  <message>End action : selectOptionByValue(findTestObject(\&amp;quot;Object Repository/Drop_Down Button/Page_Swag Labs/select_Name (A to Z)Name (Z to A)Price (low to high)Price (high to low)\&amp;quot;), \&amp;quot;hilo\&amp;quot;, true)</message>
  <nestedLevel>1</nestedLevel>
</record>
<record>
  <date>2019-06-27T15:47:03</date>
  <millis>1561625223009</millis>
  <sequence>118</sequence>
  <level>START</level>
  <class>com.kms.katalon.core.logging.XmlKeywordLogger</class>
  <method>startKeyword</method>
  <thread>1</thread>
  <message>Start action : verifyOptionSelectedByValue(findTestObject(\&amp;quot;Drop_Down Button/Page_Swag Labs/select_Name (A to Z)Name (Z to A)Price (low to high)Price (high to low)\&amp;quot;), \&amp;quot;hilo\&amp;quot;, true, 60)</message>
  <nestedLevel>1</nestedLevel>
  <property name="startLine">31</property>
  <property name="stepIndex">6</property>
</record>
<record>
  <date>2019-06-27T15:47:03</date>
  <millis>1561625223261</millis>
  <sequence>129</sequence>
  <level>PASSED</level>
  <class>com.kms.katalon.core.logging.XmlKeywordLogger</class>
  <method>logMessage</method>
  <thread>1</thread>
  <message>All options with value &amp;apos;hilo&amp;apos; are selected in object &amp;apos;Object Repository/Drop_Down Button/Page_Swag Labs/select_Name (A to Z)Name (Z to A)Price (low to high)Price (high to low)&amp;apos;  using regular expression</message>
  <nestedLevel>1</nestedLevel>
</record>
<record>
  <date>2019-06-27T15:47:03</date>
  <millis>1561625223262</millis>
  <sequence>130</sequence>
  <level>END</level>
  <class>com.kms.katalon.core.logging.XmlKeywordLogger</class>
  <method>endKeyword</method>
  <thread>1</thread>
  <message>End action : verifyOptionSelectedByValue(findTestObject(\&amp;quot;Drop_Down Button/Page_Swag Labs/select_Name (A to Z)Name (Z to A)Price (low to high)Price (high to low)\&amp;quot;), \&amp;quot;hilo\&amp;quot;, true, 60)</message>
  <nestedLevel>1</nestedLevel>
</record>
<record>
  <date>2019-06-27T15:47:03</date>
  <millis>1561625223262</millis>
  <sequence>131</sequence>
  <level>START</level>
  <class>com.kms.katalon.core.logging.XmlKeywordLogger</class>
  <method>startKeyword</method>
  <thread>1</thread>
  <message>Start action : selectOptionByValue(findTestObject(\&amp;quot;Object Repository/Drop_Down Button/Page_Swag Labs/select_Name (A to Z)Name (Z to A)Price (low to high)Price (high to low)\&amp;quot;), \&amp;quot;az\&amp;quot;, true)</message>
  <nestedLevel>1</nestedLevel>
  <property name="startLine">34</property>
  <property name="stepIndex">7</property>
</record>
<record>
  <date>2019-06-27T15:47:03</date>
  <millis>1561625223497</millis>
  <sequence>140</sequence>
  <level>PASSED</level>
  <class>com.kms.katalon.core.logging.XmlKeywordLogger</class>
  <method>logMessage</method>
  <thread>1</thread>
  <message>All options with value &amp;apos;az&amp;apos; are selected in object &amp;apos;Object Repository/Drop_Down Button/Page_Swag Labs/select_Name (A to Z)Name (Z to A)Price (low to high)Price (high to low)&amp;apos;  using regular expression</message>
  <nestedLevel>1</nestedLevel>
</record>
<record>
  <date>2019-06-27T15:47:03</date>
  <millis>1561625223498</millis>
  <sequence>141</sequence>
  <level>END</level>
  <class>com.kms.katalon.core.logging.XmlKeywordLogger</class>
  <method>endKeyword</method>
  <thread>1</thread>
  <message>End action : selectOptionByValue(findTestObject(\&amp;quot;Object Repository/Drop_Down Button/Page_Swag Labs/select_Name (A to Z)Name (Z to A)Price (low to high)Price (high to low)\&amp;quot;), \&amp;quot;az\&amp;quot;, true)</message>
  <nestedLevel>1</nestedLevel>
</record>
<record>
  <date>2019-06-27T15:47:03</date>
  <millis>1561625223499</millis>
  <sequence>142</sequence>
  <level>START</level>
  <class>com.kms.katalon.core.logging.XmlKeywordLogger</class>
  <method>startKeyword</method>
  <thread>1</thread>
  <message>Start action : verifyOptionSelectedByValue(findTestObject(\&amp;quot;Drop_Down Button/Page_Swag Labs/select_Name (A to Z)Name (Z to A)Price (low to high)Price (high to low)\&amp;quot;), \&amp;quot;az\&amp;quot;, true, 60)</message>
  <nestedLevel>1</nestedLevel>
  <property name="startLine">37</property>
  <property name="stepIndex">8</property>
</record>
<record>
  <date>2019-06-27T15:47:03</date>
  <millis>1561625223777</millis>
  <sequence>153</sequence>
  <level>PASSED</level>
  <class>com.kms.katalon.core.logging.XmlKeywordLogger</class>
  <method>logMessage</method>
  <thread>1</thread>
  <message>All options with value &amp;apos;az&amp;apos; are selected in object &amp;apos;Object Repository/Drop_Down Button/Page_Swag Labs/select_Name (A to Z)Name (Z to A)Price (low to high)Price (high to low)&amp;apos;  using regular expression</message>
  <nestedLevel>1</nestedLevel>
</record>
<record>
  <date>2019-06-27T15:47:03</date>
  <millis>1561625223778</millis>
  <sequence>154</sequence>
  <level>END</level>
  <class>com.kms.katalon.core.logging.XmlKeywordLogger</class>
  <method>endKeyword</method>
  <thread>1</thread>
  <message>End action : verifyOptionSelectedByValue(findTestObject(\&amp;quot;Drop_Down Button/Page_Swag Labs/select_Name (A to Z)Name (Z to A)Price (low to high)Price (high to low)\&amp;quot;), \&amp;quot;az\&amp;quot;, true, 60)</message>
  <nestedLevel>1</nestedLevel>
</record>
<record>
  <date>2019-06-27T15:47:03</date>
  <millis>1561625223778</millis>
  <sequence>155</sequence>
  <level>PASSED</level>
  <class>com.kms.katalon.core.logging.XmlKeywordLogger</class>
  <method>logMessage</method>
  <thread>1</thread>
  <message>Test Cases/TC-8 Check drop down button for sorting</message>
  <nestedLevel>1</nestedLevel>
</record>
<record>
  <date>2019-06-27T15:47:03</date>
  <millis>1561625223779</millis>
  <sequence>156</sequence>
  <level>END</level>
  <class>com.kms.katalon.core.logging.XmlKeywordLogger</class>
  <method>endTest</method>
  <thread>1</thread>
  <message>End Test Case : Test Cases/TC-8 Check drop down button for sorting</message>
  <nestedLevel>0</nestedLevel>
</record>
<record>
  <date>2019-06-27T15:47:04</date>
  <millis>1561625224921</millis>
  <sequence>157</sequence>
  <level>END</level>
  <class>com.kms.katalon.core.logging.XmlKeywordLogger</class>
  <method>endSuite</method>
  <thread>1</thread>
  <message>End Test Suite : Test Suites/TS-2 Product List</message>
  <nestedLevel>0</nestedLevel>
</record>
</log>